<?xml version="1.0" encoding="UTF-8"?>
<Site BuildName="Win32-MSBuild"
	BuildStamp="20240417-0350-Experimental"
	Name="MattPC"
	Generator="ctest-3.29.0"
	CompilerName="C:/Program Files/Microsoft Visual Studio/2022/Community/VC/Tools/MSVC/14.39.33519/bin/Hostx64/x86/cl.exe"
	CompilerVersion="19.39.33522.0"
	OSName="Windows"
	Hostname="MattPC"
	OSRelease=" Personal"
	OSVersion=" (Build 22631)"
	OSPlatform="AMD64"
	Is64Bits="1"
	VendorString="GenuineIntel"
	VendorID="Intel Corporation"
	FamilyID="6"
	ModelID="5"
	ProcessorCacheSize="-1"
	NumberOfLogicalCPU="12"
	NumberOfPhysicalCPU="6"
	TotalVirtualMemory="37519"
	TotalPhysicalMemory="32655"
	LogicalProcessorsPerPhysical="2"
	ProcessorClockFrequency="2592"
	>
	<Testing>
		<StartDateTime>Apr 16 20:50 Pacific Daylight Time</StartDateTime>
		<StartTestTime>1713325858</StartTestTime>
		<TestList/>
		<EndDateTime>Apr 16 20:50 Pacific Daylight Time</EndDateTime>
		<EndTestTime>1713325858</EndTestTime>
		<ElapsedMinutes>0</ElapsedMinutes>
	</Testing>
</Site>
